current directory: /home/marcio/1.my-files/courses/dio/formacao-ruby-on-rails-developer/projetos/ruby/codigos/basicos/lib/ruby/3.3.0/gems/byebug-11.1.3/ext/byebug
/usr/bin/ruby extconf.rb
creating Makefile

current directory: /home/marcio/1.my-files/courses/dio/formacao-ruby-on-rails-developer/projetos/ruby/codigos/basicos/lib/ruby/3.3.0/gems/byebug-11.1.3/ext/byebug
make DESTDIR\= sitearchdir\=./.gem.20240809-12130-okp59d sitelibdir\=./.gem.20240809-12130-okp59d clean
rm -f 
rm -fr byebug.so false breakpoint.o byebug.o context.o locker.o threads.o *.bak mkmf.log .*.time

current directory: /home/marcio/1.my-files/courses/dio/formacao-ruby-on-rails-developer/projetos/ruby/codigos/basicos/lib/ruby/3.3.0/gems/byebug-11.1.3/ext/byebug
make DESTDIR\= sitearchdir\=./.gem.20240809-12130-okp59d sitelibdir\=./.gem.20240809-12130-okp59d
gcc -I. -I/usr/include -I/usr/include/ruby/backward -I/usr/include -I.   -fPIC -O2 -flto=auto -ffat-lto-objects -fexceptions -g -grecord-gcc-switches -pipe -Wall -Werror=format-security -Wp,-U_FORTIFY_SOURCE,-D_FORTIFY_SOURCE=3 -Wp,-D_GLIBCXX_ASSERTIONS -specs=/usr/lib/rpm/redhat/redhat-hardened-cc1 -fstack-protector-strong -specs=/usr/lib/rpm/redhat/redhat-annobin-cc1 -march=x86-64 -mtune=generic -fasynchronous-unwind-tables -fstack-clash-protection -fcf-protection -fno-omit-frame-pointer -mno-omit-leaf-frame-pointer -fPIC -m64 -o breakpoint.o -c breakpoint.c
gcc -I. -I/usr/include -I/usr/include/ruby/backward -I/usr/include -I.   -fPIC -O2 -flto=auto -ffat-lto-objects -fexceptions -g -grecord-gcc-switches -pipe -Wall -Werror=format-security -Wp,-U_FORTIFY_SOURCE,-D_FORTIFY_SOURCE=3 -Wp,-D_GLIBCXX_ASSERTIONS -specs=/usr/lib/rpm/redhat/redhat-hardened-cc1 -fstack-protector-strong -specs=/usr/lib/rpm/redhat/redhat-annobin-cc1 -march=x86-64 -mtune=generic -fasynchronous-unwind-tables -fstack-clash-protection -fcf-protection -fno-omit-frame-pointer -mno-omit-leaf-frame-pointer -fPIC -m64 -o byebug.o -c byebug.c
gcc -I. -I/usr/include -I/usr/include/ruby/backward -I/usr/include -I.   -fPIC -O2 -flto=auto -ffat-lto-objects -fexceptions -g -grecord-gcc-switches -pipe -Wall -Werror=format-security -Wp,-U_FORTIFY_SOURCE,-D_FORTIFY_SOURCE=3 -Wp,-D_GLIBCXX_ASSERTIONS -specs=/usr/lib/rpm/redhat/redhat-hardened-cc1 -fstack-protector-strong -specs=/usr/lib/rpm/redhat/redhat-annobin-cc1 -march=x86-64 -mtune=generic -fasynchronous-unwind-tables -fstack-clash-protection -fcf-protection -fno-omit-frame-pointer -mno-omit-leaf-frame-pointer -fPIC -m64 -o context.o -c context.c
gcc -I. -I/usr/include -I/usr/include/ruby/backward -I/usr/include -I.   -fPIC -O2 -flto=auto -ffat-lto-objects -fexceptions -g -grecord-gcc-switches -pipe -Wall -Werror=format-security -Wp,-U_FORTIFY_SOURCE,-D_FORTIFY_SOURCE=3 -Wp,-D_GLIBCXX_ASSERTIONS -specs=/usr/lib/rpm/redhat/redhat-hardened-cc1 -fstack-protector-strong -specs=/usr/lib/rpm/redhat/redhat-annobin-cc1 -march=x86-64 -mtune=generic -fasynchronous-unwind-tables -fstack-clash-protection -fcf-protection -fno-omit-frame-pointer -mno-omit-leaf-frame-pointer -fPIC -m64 -o locker.o -c locker.c
gcc -I. -I/usr/include -I/usr/include/ruby/backward -I/usr/include -I.   -fPIC -O2 -flto=auto -ffat-lto-objects -fexceptions -g -grecord-gcc-switches -pipe -Wall -Werror=format-security -Wp,-U_FORTIFY_SOURCE,-D_FORTIFY_SOURCE=3 -Wp,-D_GLIBCXX_ASSERTIONS -specs=/usr/lib/rpm/redhat/redhat-hardened-cc1 -fstack-protector-strong -specs=/usr/lib/rpm/redhat/redhat-annobin-cc1 -march=x86-64 -mtune=generic -fasynchronous-unwind-tables -fstack-clash-protection -fcf-protection -fno-omit-frame-pointer -mno-omit-leaf-frame-pointer -fPIC -m64 -o threads.o -c threads.c
rm -f byebug.so
gcc -shared -o byebug.so breakpoint.o byebug.o context.o locker.o threads.o -L. -L/usr/lib64 -L. -Wl,-z,relro -Wl,--as-needed  -Wl,-z,pack-relative-relocs -Wl,-z,now -specs=/usr/lib/rpm/redhat/redhat-hardened-ld-errors -specs=/usr/lib/rpm/redhat/redhat-hardened-ld -specs=/usr/lib/rpm/redhat/redhat-annobin-cc1  -Wl,--build-id=sha1 -fstack-protector-strong -rdynamic -Wl,-export-dynamic -Wl,--no-as-needed -Wl,-z,relro -Wl,--as-needed  -Wl,-z,pack-relative-relocs -Wl,-z,now -specs=/usr/lib/rpm/redhat/redhat-hardened-ld-errors -specs=/usr/lib/rpm/redhat/redhat-hardened-ld -specs=/usr/lib/rpm/redhat/redhat-annobin-cc1  -Wl,--build-id=sha1    -m64  -lruby  -lm -lpthread  -lc

current directory: /home/marcio/1.my-files/courses/dio/formacao-ruby-on-rails-developer/projetos/ruby/codigos/basicos/lib/ruby/3.3.0/gems/byebug-11.1.3/ext/byebug
make DESTDIR\= sitearchdir\=./.gem.20240809-12130-okp59d sitelibdir\=./.gem.20240809-12130-okp59d install
/usr/bin/mkdir -p . ./.gem.20240809-12130-okp59d/byebug
exit > .sitearchdir.-.byebug.time
/usr/bin/install -c -m 0755 byebug.so ./.gem.20240809-12130-okp59d/byebug

current directory: /home/marcio/1.my-files/courses/dio/formacao-ruby-on-rails-developer/projetos/ruby/codigos/basicos/lib/ruby/3.3.0/gems/byebug-11.1.3/ext/byebug
make DESTDIR\= sitearchdir\=./.gem.20240809-12130-okp59d sitelibdir\=./.gem.20240809-12130-okp59d clean
rm -f 
rm -fr byebug.so false breakpoint.o byebug.o context.o locker.o threads.o *.bak mkmf.log .*.time
